<?xml version="1.0" encoding="UTF-8"?>
<testsuite name="com.test.cicd.testspringboot.TestspringbootApplicationTests" tests="3" skipped="0" failures="0" errors="0" timestamp="2022-10-24T22:30:54" hostname="Shashanks-Air.lan" time="0.337">
  <properties/>
  <testcase name="version()" classname="com.test.cicd.testspringboot.TestspringbootApplicationTests" time="0.33"/>
  <testcase name="contextLoads()" classname="com.test.cicd.testspringboot.TestspringbootApplicationTests" time="0.003"/>
  <testcase name="welcome()" classname="com.test.cicd.testspringboot.TestspringbootApplicationTests" time="0.002"/>
  <system-out><![CDATA[18:30:52.951 [Test worker] DEBUG org.springframework.test.context.BootstrapUtils - Instantiating CacheAwareContextLoaderDelegate from class [org.springframework.test.context.cache.DefaultCacheAwareContextLoaderDelegate]
18:30:52.962 [Test worker] DEBUG org.springframework.test.context.BootstrapUtils - Instantiating BootstrapContext using constructor [public org.springframework.test.context.support.DefaultBootstrapContext(java.lang.Class,org.springframework.test.context.CacheAwareContextLoaderDelegate)]
18:30:52.996 [Test worker] DEBUG org.springframework.test.context.BootstrapUtils - Instantiating TestContextBootstrapper for test class [com.test.cicd.testspringboot.TestspringbootApplicationTests] from class [org.springframework.boot.test.context.SpringBootTestContextBootstrapper]
18:30:53.006 [Test worker] INFO org.springframework.boot.test.context.SpringBootTestContextBootstrapper - Neither @ContextConfiguration nor @ContextHierarchy found for test class [com.test.cicd.testspringboot.TestspringbootApplicationTests], using SpringBootContextLoader
18:30:53.009 [Test worker] DEBUG org.springframework.test.context.support.AbstractContextLoader - Did not detect default resource location for test class [com.test.cicd.testspringboot.TestspringbootApplicationTests]: class path resource [com/test/cicd/testspringboot/TestspringbootApplicationTests-context.xml] does not exist
18:30:53.010 [Test worker] DEBUG org.springframework.test.context.support.AbstractContextLoader - Did not detect default resource location for test class [com.test.cicd.testspringboot.TestspringbootApplicationTests]: class path resource [com/test/cicd/testspringboot/TestspringbootApplicationTestsContext.groovy] does not exist
18:30:53.010 [Test worker] INFO org.springframework.test.context.support.AbstractContextLoader - Could not detect default resource locations for test class [com.test.cicd.testspringboot.TestspringbootApplicationTests]: no resource found for suffixes {-context.xml, Context.groovy}.
18:30:53.011 [Test worker] INFO org.springframework.test.context.support.AnnotationConfigContextLoaderUtils - Could not detect default configuration classes for test class [com.test.cicd.testspringboot.TestspringbootApplicationTests]: TestspringbootApplicationTests does not declare any static, non-private, non-final, nested classes annotated with @Configuration.
18:30:53.052 [Test worker] DEBUG org.springframework.test.context.support.ActiveProfilesUtils - Could not find an 'annotation declaring class' for annotation type [org.springframework.test.context.ActiveProfiles] and class [com.test.cicd.testspringboot.TestspringbootApplicationTests]
18:30:53.110 [Test worker] DEBUG org.springframework.context.annotation.ClassPathScanningCandidateComponentProvider - Identified candidate component class: file [/Users/shashankindukuri/Documents/Masters/SE452/Week2/deployherokuspringboot/build/classes/java/main/com/test/cicd/testspringboot/TestspringbootApplication.class]
18:30:53.111 [Test worker] INFO org.springframework.boot.test.context.SpringBootTestContextBootstrapper - Found @SpringBootConfiguration com.test.cicd.testspringboot.TestspringbootApplication for test class com.test.cicd.testspringboot.TestspringbootApplicationTests
18:30:53.183 [Test worker] DEBUG org.springframework.boot.test.context.SpringBootTestContextBootstrapper - @TestExecutionListeners is not present for class [com.test.cicd.testspringboot.TestspringbootApplicationTests]: using defaults.
18:30:53.184 [Test worker] INFO org.springframework.boot.test.context.SpringBootTestContextBootstrapper - Loaded default TestExecutionListener class names from location [META-INF/spring.factories]: [org.springframework.boot.test.autoconfigure.restdocs.RestDocsTestExecutionListener, org.springframework.boot.test.autoconfigure.web.client.MockRestServiceServerResetTestExecutionListener, org.springframework.boot.test.autoconfigure.web.servlet.MockMvcPrintOnlyOnFailureTestExecutionListener, org.springframework.boot.test.autoconfigure.web.servlet.WebDriverTestExecutionListener, org.springframework.boot.test.autoconfigure.webservices.client.MockWebServiceServerTestExecutionListener, org.springframework.boot.test.mock.mockito.MockitoTestExecutionListener, org.springframework.boot.test.mock.mockito.ResetMocksTestExecutionListener, org.springframework.test.context.web.ServletTestExecutionListener, org.springframework.test.context.support.DirtiesContextBeforeModesTestExecutionListener, org.springframework.test.context.event.ApplicationEventsTestExecutionListener, org.springframework.test.context.support.DependencyInjectionTestExecutionListener, org.springframework.test.context.support.DirtiesContextTestExecutionListener, org.springframework.test.context.transaction.TransactionalTestExecutionListener, org.springframework.test.context.jdbc.SqlScriptsTestExecutionListener, org.springframework.test.context.event.EventPublishingTestExecutionListener]
18:30:53.191 [Test worker] DEBUG org.springframework.boot.test.context.SpringBootTestContextBootstrapper - Skipping candidate TestExecutionListener [org.springframework.test.context.transaction.TransactionalTestExecutionListener] due to a missing dependency. Specify custom listener classes or make the default listener classes and their required dependencies available. Offending class: [org/springframework/transaction/interceptor/TransactionAttributeSource]
18:30:53.192 [Test worker] DEBUG org.springframework.boot.test.context.SpringBootTestContextBootstrapper - Skipping candidate TestExecutionListener [org.springframework.test.context.jdbc.SqlScriptsTestExecutionListener] due to a missing dependency. Specify custom listener classes or make the default listener classes and their required dependencies available. Offending class: [org/springframework/transaction/interceptor/TransactionAttribute]
18:30:53.192 [Test worker] INFO org.springframework.boot.test.context.SpringBootTestContextBootstrapper - Using TestExecutionListeners: [org.springframework.test.context.web.ServletTestExecutionListener@4c4d27c8, org.springframework.test.context.support.DirtiesContextBeforeModesTestExecutionListener@6821ea29, org.springframework.test.context.event.ApplicationEventsTestExecutionListener@338494fa, org.springframework.boot.test.mock.mockito.MockitoTestExecutionListener@505a9d7c, org.springframework.boot.test.autoconfigure.SpringBootDependencyInjectionTestExecutionListener@758c83d8, org.springframework.test.context.support.DirtiesContextTestExecutionListener@129b4fe2, org.springframework.test.context.event.EventPublishingTestExecutionListener@5af3a0f, org.springframework.boot.test.autoconfigure.restdocs.RestDocsTestExecutionListener@19ae6bb, org.springframework.boot.test.autoconfigure.web.client.MockRestServiceServerResetTestExecutionListener@10993713, org.springframework.boot.test.autoconfigure.web.servlet.MockMvcPrintOnlyOnFailureTestExecutionListener@58359ebd, org.springframework.boot.test.autoconfigure.web.servlet.WebDriverTestExecutionListener@24b6b8f6, org.springframework.boot.test.autoconfigure.webservices.client.MockWebServiceServerTestExecutionListener@72cf2de5, org.springframework.boot.test.mock.mockito.ResetMocksTestExecutionListener@2bb7bd00]
18:30:53.195 [Test worker] DEBUG org.springframework.test.context.support.AbstractDirtiesContextTestExecutionListener - Before test class: context [DefaultTestContext@1c7fd41f testClass = TestspringbootApplicationTests, testInstance = [null], testMethod = [null], testException = [null], mergedContextConfiguration = [WebMergedContextConfiguration@3b77a04f testClass = TestspringbootApplicationTests, locations = '{}', classes = '{class com.test.cicd.testspringboot.TestspringbootApplication}', contextInitializerClasses = '[]', activeProfiles = '{}', propertySourceLocations = '{}', propertySourceProperties = '{org.springframework.boot.test.context.SpringBootTestContextBootstrapper=true}', contextCustomizers = set[org.springframework.boot.test.autoconfigure.actuate.metrics.MetricsExportContextCustomizerFactory$DisableMetricExportContextCustomizer@d278d2b, org.springframework.boot.test.autoconfigure.properties.PropertyMappingContextCustomizer@0, org.springframework.boot.test.autoconfigure.web.servlet.WebDriverContextCustomizerFactory$Customizer@59e505b2, org.springframework.boot.test.context.filter.ExcludeFilterContextCustomizer@37e4d7bb, org.springframework.boot.test.json.DuplicateJsonObjectContextCustomizerFactory$DuplicateJsonObjectContextCustomizer@54eb2b70, org.springframework.boot.test.mock.mockito.MockitoContextCustomizer@0, org.springframework.boot.test.web.client.TestRestTemplateContextCustomizer@50de186c, org.springframework.boot.test.context.SpringBootTestArgs@1, org.springframework.boot.test.context.SpringBootTestWebEnvironment@23348b5d], resourceBasePath = 'src/main/webapp', contextLoader = 'org.springframework.boot.test.context.SpringBootContextLoader', parent = [null]], attributes = map['org.springframework.test.context.web.ServletTestExecutionListener.activateListener' -> true]], class annotated with @DirtiesContext [false] with mode [null].

  .   ____          _            __ _ _
 /\\ / ___'_ __ _ _(_)_ __  __ _ \ \ \ \
( ( )\___ | '_ | '_| | '_ \/ _` | \ \ \ \
 \\/  ___)| |_)| | | | | || (_| |  ) ) ) )
  '  |____| .__|_| |_|_| |_\__, | / / / /
 =========|_|==============|___/=/_/_/_/
 :: Spring Boot ::                (v2.6.6)

2022-10-24 18:30:53.514  INFO 15203 --- [    Test worker] c.t.c.t.TestspringbootApplicationTests   : Starting TestspringbootApplicationTests using Java 17.0.2 on Shashanks-Air.lan with PID 15203 (started by shashankindukuri in /Users/shashankindukuri/Documents/Masters/SE452/Week2/deployherokuspringboot)
2022-10-24 18:30:53.516  INFO 15203 --- [    Test worker] c.t.c.t.TestspringbootApplicationTests   : No active profile set, falling back to 1 default profile: "default"
2022-10-24 18:30:54.962  INFO 15203 --- [    Test worker] c.t.c.t.TestspringbootApplicationTests   : Started TestspringbootApplicationTests in 1.733 seconds (JVM running for 2.794)
]]></system-out>
  <system-err><![CDATA[]]></system-err>
</testsuite>
